[    0.000000] Initializing cgroup subsys cpuset
[    0.000000] Initializing cgroup subsys cpu
[    0.000000] Initializing cgroup subsys cpuacct
[    0.000000] Linux version 4.4.0-210-generic (buildd@lgw01-amd64-009) (gcc version 5.4.0 20160609 (Ubuntu 5.4.0-6ubuntu1~16.04.12) ) #242-Ubuntu SMP Fri Apr 16 09:57:56 UTC 2021 (Ubuntu 4.4.0-210.242-generic 4.4.262)
[    0.000000] Command line: BOOT_IMAGE=/boot/vmlinuz-4.4.0-210-generic root=LABEL=cloudimg-rootfs ro console=tty1 console=ttyS0
[    0.000000] KERNEL supported cpus:
[    0.000000]   Intel GenuineIntel
[    0.000000]   AMD AuthenticAMD
[    0.000000]   Centaur CentaurHauls
[    0.000000] x86/fpu: xstate_offset[2]:  576, xstate_sizes[2]:  256
[    0.000000] x86/fpu: Supporting XSAVE feature 0x01: 'x87 floating point registers'
[    0.000000] x86/fpu: Supporting XSAVE feature 0x02: 'SSE registers'
[    0.000000] x86/fpu: Supporting XSAVE feature 0x04: 'AVX registers'
[    0.000000] x86/fpu: Enabled xstate features 0x7, context size is 832 bytes, using 'standard' format.
[    0.000000] e820: BIOS-provided physical RAM map:
[    0.000000] BIOS-e820: [mem 0x0000000000000000-0x000000000009fbff] usable
[    0.000000] BIOS-e820: [mem 0x000000000009fc00-0x000000000009ffff] reserved
[    0.000000] BIOS-e820: [mem 0x00000000000f0000-0x00000000000fffff] reserved
[    0.000000] BIOS-e820: [mem 0x0000000000100000-0x000000003ffeffff] usable
[    0.000000] BIOS-e820: [mem 0x000000003fff0000-0x000000003fffffff] ACPI data
[    0.000000] BIOS-e820: [mem 0x00000000fec00000-0x00000000fec00fff] reserved
[    0.000000] BIOS-e820: [mem 0x00000000fee00000-0x00000000fee00fff] reserved
[    0.000000] BIOS-e820: [mem 0x00000000fffc0000-0x00000000ffffffff] reserved
[    0.000000] NX (Execute Disable) protection: active
[    0.000000] SMBIOS 2.5 present.
[    0.000000] Hypervisor detected: KVM
[    0.000000] e820: last_pfn = 0x3fff0 max_arch_pfn = 0x400000000
[    0.000000] MTRR: Disabled
[    0.000000] x86/PAT: MTRRs disabled, skipping PAT initialization too.
[    0.000000] CPU MTRRs all blank - virtualized system.
[    0.000000] x86/PAT: Configuration [0-7]: WB  WT  UC- UC  WB  WT  UC- UC  
[    0.000000] found SMP MP-table at [mem 0x0009fff0-0x0009ffff] mapped at [ffff88000009fff0]
[    0.000000] Scanning 1 areas for low memory corruption
[    0.000000] RAMDISK: [mem 0x362de000-0x37166fff]
[    0.000000] ACPI: Early table checksum verification disabled
[    0.000000] ACPI: RSDP 0x00000000000E0000 000024 (v02 VBOX  )
[    0.000000] ACPI: XSDT 0x000000003FFF0030 00003C (v01 VBOX   VBOXXSDT 00000001 ASL  00000061)
[    0.000000] ACPI: FACP 0x000000003FFF00F0 0000F4 (v04 VBOX   VBOXFACP 00000001 ASL  00000061)
[    0.000000] ACPI: DSDT 0x000000003FFF0470 002325 (v02 VBOX   VBOXBIOS 00000002 INTL 20190509)
[    0.000000] ACPI: FACS 0x000000003FFF0200 000040
[    0.000000] ACPI: FACS 0x000000003FFF0200 000040
[    0.000000] ACPI: APIC 0x000000003FFF0240 00005C (v02 VBOX   VBOXAPIC 00000001 ASL  00000061)
[    0.000000] ACPI: SSDT 0x000000003FFF02A0 0001CC (v01 VBOX   VBOXCPUT 00000002 INTL 20190509)
[    0.000000] No NUMA configuration found
[    0.000000] Faking a node at [mem 0x0000000000000000-0x000000003ffeffff]
[    0.000000] NODE_DATA(0) allocated [mem 0x3ffeb000-0x3ffeffff]
[    0.000000] kvm-clock: Using msrs 4b564d01 and 4b564d00
[    0.000000] kvm-clock: cpu 0, msr 0:3ffe3001, primary cpu clock
[    0.000000] kvm-clock: using sched offset of 5416033693 cycles
[    0.000000] clocksource: kvm-clock: mask: 0xffffffffffffffff max_cycles: 0x1cd42e4dffb, max_idle_ns: 881590591483 ns
[    0.000000] Zone ranges:
[    0.000000]   DMA      [mem 0x0000000000001000-0x0000000000ffffff]
[    0.000000]   DMA32    [mem 0x0000000001000000-0x000000003ffeffff]
[    0.000000]   Normal   empty
[    0.000000]   Device   empty
[    0.000000] Movable zone start for each node
[    0.000000] Early memory node ranges
[    0.000000]   node   0: [mem 0x0000000000001000-0x000000000009efff]
[    0.000000]   node   0: [mem 0x0000000000100000-0x000000003ffeffff]
[    0.000000] Initmem setup node 0 [mem 0x0000000000001000-0x000000003ffeffff]
[    0.000000] ACPI: PM-Timer IO Port: 0x4008
[    0.000000] IOAPIC[0]: apic_id 2, version 32, address 0xfec00000, GSI 0-23
[    0.000000] ACPI: INT_SRC_OVR (bus 0 bus_irq 0 global_irq 2 dfl dfl)
[    0.000000] ACPI: INT_SRC_OVR (bus 0 bus_irq 9 global_irq 9 low level)
[    0.000000] Using ACPI (MADT) for SMP configuration information
[    0.000000] smpboot: Allowing 2 CPUs, 0 hotplug CPUs
[    0.000000] PM: Registered nosave memory: [mem 0x00000000-0x00000fff]
[    0.000000] PM: Registered nosave memory: [mem 0x0009f000-0x0009ffff]
[    0.000000] PM: Registered nosave memory: [mem 0x000a0000-0x000effff]
[    0.000000] PM: Registered nosave memory: [mem 0x000f0000-0x000fffff]
[    0.000000] e820: [mem 0x40000000-0xfebfffff] available for PCI devices
[    0.000000] Booting paravirtualized kernel on KVM
[    0.000000] clocksource: refined-jiffies: mask: 0xffffffff max_cycles: 0xffffffff, max_idle_ns: 7645519600211568 ns
[    0.000000] setup_percpu: NR_CPUS:512 nr_cpumask_bits:512 nr_cpu_ids:2 nr_node_ids:1
[    0.000000] PERCPU: Embedded 33 pages/cpu @ffff88003fc00000 s95192 r8192 d31784 u1048576
[    0.000000] Built 1 zonelists in Node order, mobility grouping on.  Total pages: 257912
[    0.000000] Policy zone: DMA32
[    0.000000] Kernel command line: BOOT_IMAGE=/boot/vmlinuz-4.4.0-210-generic root=LABEL=cloudimg-rootfs ro console=tty1 console=ttyS0
[    0.000000] PID hash table entries: 4096 (order: 3, 32768 bytes)
[    0.000000] Memory: 997796K/1048120K available (8644K kernel code, 1332K rwdata, 4044K rodata, 1492K init, 1164K bss, 50324K reserved, 0K cma-reserved)
[    0.000000] SLUB: HWalign=64, Order=0-3, MinObjects=0, CPUs=2, Nodes=1
[    0.000000] Kernel/User page tables isolation: enabled
[    0.000000] Hierarchical RCU implementation.
[    0.000000] 	Build-time adjustment of leaf fanout to 64.
[    0.000000] 	RCU restricting CPUs from NR_CPUS=512 to nr_cpu_ids=2.
[    0.000000] RCU: Adjusting geometry for rcu_fanout_leaf=64, nr_cpu_ids=2
[    0.000000] NR_IRQS:33024 nr_irqs:440 16
[    0.000000] Console: colour VGA+ 80x25
[    0.000000] console [tty1] enabled
[    0.000000] console [ttyS0] enabled
[    0.000000] tsc: Detected 2592.258 MHz processor
[    0.130486] Calibrating delay loop (skipped) preset value.. 5184.51 BogoMIPS (lpj=10369032)
[    0.132346] pid_max: default: 32768 minimum: 301
[    0.133332] ACPI: Core revision 20150930
[    0.135061] ACPI: 2 ACPI AML tables successfully acquired and loaded
[    0.136239] Security Framework initialized
[    0.136981] Yama: becoming mindful.
[    0.137675] AppArmor: AppArmor initialized
[    0.138466] Dentry cache hash table entries: 131072 (order: 8, 1048576 bytes)
[    0.140490] Inode-cache hash table entries: 65536 (order: 7, 524288 bytes)
[    0.141917] Mount-cache hash table entries: 2048 (order: 2, 16384 bytes)
[    0.143121] Mountpoint-cache hash table entries: 2048 (order: 2, 16384 bytes)
[    0.144539] Initializing cgroup subsys io
[    0.145371] Initializing cgroup subsys memory
[    0.146277] Initializing cgroup subsys devices
[    0.147169] Initializing cgroup subsys freezer
[    0.148043] Initializing cgroup subsys net_cls
[    0.148956] Initializing cgroup subsys perf_event
[    0.149908] Initializing cgroup subsys net_prio
[    0.150786] Initializing cgroup subsys hugetlb
[    0.151654] Initializing cgroup subsys pids
[    0.162157] mce: CPU supports 0 MCE banks
[    0.163096] Last level iTLB entries: 4KB 64, 2MB 8, 4MB 8
[    0.164098] Last level dTLB entries: 4KB 64, 2MB 0, 4MB 0, 1GB 4
[    0.165172] Spectre V1 : Mitigation: usercopy/swapgs barriers and __user pointer sanitization
[    0.167025] Spectre V2 : Mitigation: Full generic retpoline
[    0.168189] Spectre V2 : Spectre v2 / SpectreRSB mitigation: Filling RSB on context switch
[    0.169904] Speculative Store Bypass: Vulnerable
[    0.170851] SRBDS: Unknown: Dependent on hypervisor status
[    0.172004] MDS: Mitigation: Clear CPU buffers
[    0.175586] Freeing SMP alternatives memory: 36K
[    0.182495] ftrace: allocating 32380 entries in 127 pages
[    0.257897] smpboot: APIC(0) Converting physical 0 to logical package 0
[    0.260660] smpboot: Max logical packages: 1
[    0.262519] x2apic enabled
[    0.265103] Switched APIC routing to physical x2apic.
[    0.268764] ..TIMER: vector=0x30 apic1=0 pin1=2 apic2=-1 pin2=-1
[    0.379259] smpboot: CPU0: Intel(R) Core(TM) i7-6700HQ CPU @ 2.60GHz (family: 0x6, model: 0x5e, stepping: 0x3)
[    0.381736] Performance Events: unsupported p6 CPU model 94 no PMU driver, software events only.
[    0.396281] KVM setup paravirtual spinlock
[    0.398092] x86: Booting SMP configuration:
[    0.399018] .... node  #0, CPUs:      #1
[    0.400030] kvm-clock: cpu 1, msr 0:3ffe3041, secondary cpu clock
[    0.412439] mce: CPU supports 0 MCE banks
[    0.415112] x86: Booted up 1 node, 2 CPUs
[    0.416235] smpboot: Total of 2 processors activated (10369.03 BogoMIPS)
[    0.417955] devtmpfs: initialized
[    0.420760] evm: security.selinux
[    0.421578] evm: security.SMACK64
[    0.422360] evm: security.SMACK64EXEC
[    0.423266] evm: security.SMACK64TRANSMUTE
[    0.424103] evm: security.SMACK64MMAP
[    0.424874] evm: security.ima
[    0.425640] evm: security.capability
[    0.426815] clocksource: jiffies: mask: 0xffffffff max_cycles: 0xffffffff, max_idle_ns: 7645041785100000 ns
[    0.429125] futex hash table entries: 512 (order: 3, 32768 bytes)
[    0.430685] pinctrl core: initialized pinctrl subsystem
[    0.431994] RTC time: 14:46:07, date: 04/29/21
[    0.433171] NET: Registered protocol family 16
[    0.443302] cpuidle: using governor ladder
[    0.455517] cpuidle: using governor menu
[    0.456695] PCCT header not found.
[    0.457900] ACPI: bus type PCI registered
[    0.459516] acpiphp: ACPI Hot Plug PCI Controller Driver version: 0.5
[    0.461363] PCI: Using configuration type 1 for base access
[    0.477070] ACPI: Added _OSI(Module Device)
[    0.480761] ACPI: Added _OSI(Processor Device)
[    0.484634] ACPI: Added _OSI(3.0 _SCP Extensions)
[    0.488807] ACPI: Added _OSI(Processor Aggregator Device)
[    0.495948] ACPI: Executed 1 blocks of module-level executable AML code
[    0.517273] ACPI: Interpreter enabled
[    0.520534] ACPI: (supports S0 S5)
[    0.523520] ACPI: Using IOAPIC for interrupt routing
[    0.528105] PCI: Using host bridge windows from ACPI; if necessary, use "pci=nocrs" and report a bug
[    0.544644] ACPI: PCI Root Bridge [PCI0] (domain 0000 [bus 00-ff])
[    0.546783] acpi PNP0A03:00: _OSC: OS supports [ASPM ClockPM Segments MSI]
[    0.549292] acpi PNP0A03:00: _OSC: not requesting OS control; OS requires [ExtendedConfig ASPM ClockPM MSI]
[    0.552509] acpi PNP0A03:00: fail to add MMCONFIG information, can't access extended PCI configuration space under this bridge.
[    0.555561] PCI host bridge to bus 0000:00
[    0.556594] pci_bus 0000:00: root bus resource [io  0x0000-0x0cf7 window]
[    0.558112] pci_bus 0000:00: root bus resource [io  0x0d00-0xffff window]
[    0.560434] pci_bus 0000:00: root bus resource [mem 0x000a0000-0x000bffff window]
[    0.562119] pci_bus 0000:00: root bus resource [mem 0x40000000-0xfdffffff window]
[    0.564253] pci_bus 0000:00: root bus resource [bus 00-ff]
[    0.567541] pci 0000:00:01.1: legacy IDE quirk: reg 0x10: [io  0x01f0-0x01f7]
[    0.569072] pci 0000:00:01.1: legacy IDE quirk: reg 0x14: [io  0x03f6]
[    0.570383] pci 0000:00:01.1: legacy IDE quirk: reg 0x18: [io  0x0170-0x0177]
[    0.583026] pci 0000:00:01.1: legacy IDE quirk: reg 0x1c: [io  0x0376]
[    0.606954] pci 0000:00:07.0: quirk: [io  0x4000-0x403f] claimed by PIIX4 ACPI
[    0.608740] pci 0000:00:07.0: quirk: [io  0x4100-0x410f] claimed by PIIX4 SMB
[    0.619711] ACPI: PCI Interrupt Link [LNKA] (IRQs 5 9 10 *11)
[    0.621933] ACPI: PCI Interrupt Link [LNKB] (IRQs 5 9 *10 11)
[    0.623830] ACPI: PCI Interrupt Link [LNKC] (IRQs 5 *9 10 11)
[    0.625281] ACPI: PCI Interrupt Link [LNKD] (IRQs 5 9 10 *11)
[    0.627152] ACPI: Enabled 2 GPEs in block 00 to 07
[    0.630706] vgaarb: setting as boot device: PCI:0000:00:02.0
[    0.631960] vgaarb: device added: PCI:0000:00:02.0,decodes=io+mem,owns=io+mem,locks=none
[    0.633560] vgaarb: loaded
[    0.634279] vgaarb: bridge control possible 0000:00:02.0
[    0.635763] SCSI subsystem initialized
[    0.636894] ACPI: bus type USB registered
[    0.637711] usbcore: registered new interface driver usbfs
[    0.638712] usbcore: registered new interface driver hub
[    0.639725] usbcore: registered new device driver usb
[    0.641832] PCI: Using ACPI for IRQ routing
[    0.643683] NetLabel: Initializing
[    0.644686] NetLabel:  domain hash size = 128
[    0.646406] NetLabel:  protocols = UNLABELED CIPSOv4
[    0.647628] NetLabel:  unlabeled traffic allowed by default
[    0.648761] amd_nb: Cannot enumerate AMD northbridges
[    0.649747] clocksource: Switched to clocksource kvm-clock
[    0.658604] AppArmor: AppArmor Filesystem Enabled
[    0.659906] pnp: PnP ACPI init
[    0.661806] pnp: PnP ACPI: found 3 devices
[    0.671166] clocksource: acpi_pm: mask: 0xffffff max_cycles: 0xffffff, max_idle_ns: 2085701024 ns
[    0.673389] NET: Registered protocol family 2
[    0.674657] TCP established hash table entries: 8192 (order: 4, 65536 bytes)
[    0.676973] TCP bind hash table entries: 8192 (order: 5, 131072 bytes)
[    0.678701] TCP: Hash tables configured (established 8192 bind 8192)
[    0.680077] UDP hash table entries: 512 (order: 2, 16384 bytes)
[    0.681141] UDP-Lite hash table entries: 512 (order: 2, 16384 bytes)
[    0.682447] NET: Registered protocol family 1
[    0.683635] pci 0000:00:00.0: Limiting direct PCI/PCI transfers
[    0.685011] pci 0000:00:01.0: Activating ISA DMA hang workarounds
[    0.686507] Unpacking initramfs...
[    0.952908] Freeing initrd memory: 14884K
[    0.954162] clocksource: tsc: mask: 0xffffffffffffffff max_cycles: 0x255daa7f416, max_idle_ns: 440795225566 ns
[    0.956016] platform rtc_cmos: registered platform RTC device (no PNP device found)
[    0.957444] Scanning for low memory corruption every 60 seconds
[    0.958971] audit: initializing netlink subsys (disabled)
[    0.960273] audit: type=2000 audit(1619707575.042:1): initialized
[    0.961926] Initialise system trusted keyring
[    0.963382] HugeTLB registered 2 MB page size, pre-allocated 0 pages
[    0.966056] zbud: loaded
[    0.967397] VFS: Disk quotas dquot_6.6.0
[    0.968206] VFS: Dquot-cache hash table entries: 512 (order 0, 4096 bytes)
[    0.969650] squashfs: version 4.0 (2009/01/31) Phillip Lougher
[    0.971044] fuse init (API version 7.23)
[    0.971917] Key type big_key registered
[    0.972824] Allocating IMA MOK and blacklist keyrings.
[    0.974793] Key type asymmetric registered
[    0.976320] Asymmetric key parser 'x509' registered
[    0.977807] Block layer SCSI generic (bsg) driver version 0.4 loaded (major 249)
[    0.979672] io scheduler noop registered
[    0.980490] io scheduler deadline registered (default)
[    0.981470] io scheduler cfq registered
[    0.982382] pci_hotplug: PCI Hot Plug PCI Core version: 0.5
[    0.983355] pciehp: PCI Express Hot Plug Controller Driver version: 0.4
[    0.984889] ACPI: AC Adapter [AC] (on-line)
[    0.985818] input: Power Button as /devices/LNXSYSTM:00/LNXPWRBN:00/input/input0
[    0.987270] ACPI: Power Button [PWRF]
[    0.988106] input: Sleep Button as /devices/LNXSYSTM:00/LNXSLPBN:00/input/input1
[    0.989497] ACPI: Sleep Button [SLPF]
[    0.990407] GHES: HEST is not enabled!
[    0.991730] ACPI: Battery Slot [BAT0] (battery present)
[    0.993285] Serial: 8250/16550 driver, 32 ports, IRQ sharing enabled
[    1.015329] 00:02: ttyS0 at I/O 0x3f8 (irq = 4, base_baud = 115200) is a 16550A
[    1.019129] Linux agpgart interface v0.103
[    1.021327] loop: module loaded
[    1.022479] scsi host0: ata_piix
[    1.023244] scsi host1: ata_piix
[    1.023895] ata1: PATA max UDMA/33 cmd 0x1f0 ctl 0x3f6 bmdma 0xd000 irq 14
[    1.024928] ata2: PATA max UDMA/33 cmd 0x170 ctl 0x376 bmdma 0xd008 irq 15
[    1.026408] libphy: Fixed MDIO Bus: probed
[    1.027305] tun: Universal TUN/TAP device driver, 1.6
[    1.029881] tun: (C) 1999-2004 Max Krasnyansky <maxk@qualcomm.com>
[    1.031648] PPP generic driver version 2.4.2
[    1.032615] ehci_hcd: USB 2.0 'Enhanced' Host Controller (EHCI) Driver
[    1.033825] ehci-pci: EHCI PCI platform driver
[    1.034915] ehci-platform: EHCI generic platform driver
[    1.036026] ohci_hcd: USB 1.1 'Open' Host Controller (OHCI) Driver
[    1.037292] ohci-pci: OHCI PCI platform driver
[    1.038308] ohci-platform: OHCI generic platform driver
[    1.039326] uhci_hcd: USB Universal Host Controller Interface driver
[    1.040596] i8042: PNP: PS/2 Controller [PNP0303:PS2K,PNP0f03:PS2M] at 0x60,0x64 irq 1,12
[    1.044014] serio: i8042 KBD port at 0x60,0x64 irq 1
[    1.045170] serio: i8042 AUX port at 0x60,0x64 irq 12
[    1.046360] mousedev: PS/2 mouse device common for all mice
[    1.047919] rtc_cmos rtc_cmos: rtc core: registered rtc_cmos as rtc0
[    1.049280] input: AT Translated Set 2 keyboard as /devices/platform/i8042/serio0/input/input2
[    1.049877] rtc_cmos rtc_cmos: alarms up to one day, 114 bytes nvram
[    1.049900] i2c /dev entries driver
[    1.049982] device-mapper: uevent: version 1.0.3
[    1.051418] device-mapper: ioctl: 4.34.0-ioctl (2015-10-28) initialised: dm-devel@redhat.com
[    1.051440] ledtrig-cpu: registered to indicate activity on CPUs
[    1.051707] NET: Registered protocol family 10
[    1.051842] NET: Registered protocol family 17
[    1.051853] Key type dns_resolver registered
[    1.052082] registered taskstats version 1
[    1.052094] Loading compiled-in X.509 certificates
[    1.052665] Loaded X.509 cert 'Build time autogenerated kernel key: cf00e047681d67edb2720680708b7d9498083038'
[    1.052683] zswap: loaded using pool lzo/zbud
[    1.054110] Key type trusted registered
[    1.056883] Key type encrypted registered
[    1.056891] AppArmor: AppArmor sha1 policy hashing enabled
[    1.056894] ima: No TPM chip found, activating TPM-bypass!
[    1.056916] ima: Allocated hash algorithm: sha1
[    1.056928] evm: HMAC attrs: 0x1
[    1.057208]   Magic number: 1:887:789
[    1.057609] rtc_cmos rtc_cmos: setting system clock to 2021-04-29 14:46:08 UTC (1619707568)
[    1.057692] BIOS EDD facility v0.16 2004-Jun-25, 0 devices found
[    1.057692] EDD information not available.
[    1.214483] Freeing unused kernel memory: 1492K
[    1.218315] Write protecting the kernel read-only data: 14336k
[    1.222571] Freeing unused kernel memory: 1584K
[    1.225551] Freeing unused kernel memory: 52K
Loading, please wait...
starting version 229
[    1.272256] random: systemd-udevd: uninitialized urandom read (16 bytes read, 3 bits of entropy available)
[    1.275258] random: udevadm: uninitialized urandom read (16 bytes read, 3 bits of entropy available)
[    1.275367] random: udevadm: uninitialized urandom read (16 bytes read, 3 bits of entropy available)
[    1.291281] random: systemd-udevd: uninitialized urandom read (16 bytes read, 3 bits of entropy available)
[    1.299145] random: systemd-udevd: uninitialized urandom read (16 bytes read, 3 bits of entropy available)
[    1.310000] random: systemd-udevd: uninitialized urandom read (16 bytes read, 3 bits of entropy available)
[    1.315951] random: udevadm: uninitialized urandom read (16 bytes read, 3 bits of entropy available)
[    1.316104] random: udevadm: uninitialized urandom read (16 bytes read, 3 bits of entropy available)
[    1.316595] random: udevadm: uninitialized urandom read (16 bytes read, 3 bits of entropy available)
[    1.316803] random: udevadm: uninitialized urandom read (16 bytes read, 3 bits of entropy available)
[    1.380854] e1000: Intel(R) PRO/1000 Network Driver - version 7.3.21-k8-NAPI
[    1.382504] e1000: Copyright (c) 1999-2006 Intel Corporation.
[    1.387375] Fusion MPT base driver 3.04.20
[    1.388172] Copyright (c) 1999-2008 LSI Corporation
[    1.413554] AVX2 version of gcm_enc/dec engaged.
[    1.414715] AES CTR mode by8 optimization enabled
[    1.417283] Fusion MPT SPI Host driver 3.04.20
[    1.607239] input: ImExPS/2 Generic Explorer Mouse as /devices/platform/i8042/serio1/input/input4
[    1.762588] e1000 0000:00:03.0 eth0: (PCI:33MHz:32-bit) 02:ed:98:3c:8e:82
[    1.763837] e1000 0000:00:03.0 eth0: Intel(R) PRO/1000 Network Connection
[    1.765654] mptbase: ioc0: Initiating bringup
[    1.766552] e1000 0000:00:03.0 enp0s3: renamed from eth0
[    1.830005] ioc0: LSI53C1030 A0: Capabilities={Initiator}
[    1.992183] scsi host2: ioc0: LSI53C1030 A0, FwRev=00000000h, Ports=1, MaxQ=256, IRQ=20
[    3.418931] scsi 2:0:0:0: Direct-Access     VBOX     HARDDISK         1.0  PQ: 0 ANSI: 5
[    3.421899] scsi target2:0:0: Beginning Domain Validation
[    3.424810] scsi target2:0:0: Domain Validation skipping write tests
[    3.426913] scsi target2:0:0: Ending Domain Validation
[    3.428805] scsi target2:0:0: asynchronous
[    3.431147] scsi 2:0:1:0: Direct-Access     VBOX     HARDDISK         1.0  PQ: 0 ANSI: 5
[    3.433866] scsi target2:0:1: Beginning Domain Validation
[    3.437056] scsi target2:0:1: Domain Validation skipping write tests
[    3.439050] scsi target2:0:1: Ending Domain Validation
[    3.454360] scsi target2:0:1: asynchronous
[    3.461005] sd 2:0:0:0: Attached scsi generic sg0 type 0
[    3.462860] sd 2:0:1:0: [sdb] 20480 512-byte logical blocks: (10.5 MB/10.0 MiB)
[    3.462960] sd 2:0:0:0: [sda] 83886080 512-byte logical blocks: (42.9 GB/40.0 GiB)
[    3.466531] sd 2:0:0:0: [sda] Write Protect is off
[    3.466552] sd 2:0:1:0: [sdb] Write Protect is off
[    3.466644] sd 2:0:1:0: [sdb] Incomplete mode parameter data
[    3.466645] sd 2:0:1:0: [sdb] Assuming drive cache: write through
[    3.471097] sd 2:0:1:0: Attached scsi generic sg1 type 0
[    3.472109] sd 2:0:0:0: [sda] Incomplete mode parameter data
[    3.473056] sd 2:0:0:0: [sda] Assuming drive cache: write through
[    3.499208]  sda: sda1
[    3.501597] sd 2:0:1:0: [sdb] Attached SCSI disk
[    3.507054] sd 2:0:0:0: [sda] Attached SCSI disk
Begin: Loading essential drivers ... [    4.861615] md: linear personality registered for level -1
[    4.865499] md: multipath personality registered for level -4
[    4.869749] md: raid0 personality registered for level 0
[    4.874511] md: raid1 personality registered for level 1
[    4.964923] raid6: sse2x1   gen() 11622 MB/s
[    5.038648] raid6: sse2x1   xor()  7995 MB/s
[    5.107004] raid6: sse2x2   gen() 11541 MB/s
[    5.175767] raid6: sse2x2   xor()  8474 MB/s
[    5.243330] raid6: sse2x4   gen() 14974 MB/s
[    5.310536] raid6: sse2x4   xor()  9294 MB/s
[    5.387382] raid6: avx2x1   gen() 20256 MB/s
[    5.458959] raid6: avx2x2   gen() 22559 MB/s
[    5.535668] raid6: avx2x4   gen() 27420 MB/s
[    5.536854] raid6: using algorithm avx2x4 gen() 27420 MB/s
[    5.537767] raid6: using avx2x2 recovery algorithm
[    5.540463] xor: automatically using best checksumming function:
[    5.577853]    avx       : 15051.000 MB/sec
[    5.581692] async_tx: api initialized (async)
[    5.592780] md: raid6 personality registered for level 6
[    5.594271] md: raid5 personality registered for level 5
[    5.595994] md: raid4 personality registered for level 4
[    5.604017] md: raid10 personality registered for level 10
done.
Begin: Running /scripts/init-premount ... done.
Begin: Mounting root file system ... Begin: Running /scripts/local-top ... done.
Begin: Running /scripts/local-premount ... [    5.636398] Btrfs loaded
Scanning for Btrfs filesystems
done.
Warning: fsck not present, so skipping root file system
[    6.025720] EXT4-fs (sda1): INFO: recovery required on readonly filesystem
[    6.027525] EXT4-fs (sda1): write access will be enabled during recovery
[    6.542799] EXT4-fs (sda1): recovery complete
[    6.545583] EXT4-fs (sda1): mounted filesystem with ordered data mode. Opts: (null)
done.
Begin: Running /scripts/local-bottom ... done.
Begin: Running /scripts/init-bottom ... [    6.694057] random: nonblocking pool is initialized
done.
[    9.030784] systemd[1]: systemd 229 running in system mode. (+PAM +AUDIT +SELINUX +IMA +APPARMOR +SMACK +SYSVINIT +UTMP +LIBCRYPTSETUP +GCRYPT +GNUTLS +ACL +XZ -LZ4 +SECCOMP +BLKID +ELFUTILS +KMOD -IDN)
[    9.036265] systemd[1]: Detected virtualization oracle.
[    9.037695] systemd[1]: Detected architecture x86-64.

Welcome to [1mUbuntu 16.04.7 LTS[0m!

[    9.091206] systemd[1]: Set hostname to <ubuntu-xenial>.
[   10.809332] systemd[1]: Created slice User and Session Slice.
[[0;32m  OK  [0m] Created slice User and Session Slice.
[   10.813573] systemd[1]: Listening on fsck to fsckd communication Socket.
[[0;32m  OK  [0m] Listening on fsck to fsckd communication Socket.
[   10.816021] systemd[1]: Listening on Device-mapper event daemon FIFOs.
[[0;32m  OK  [0m] Listening on Device-mapper event daemon FIFOs.
[   10.818309] systemd[1]: Started Trigger resolvconf update for networkd DNS.
[[0;32m  OK  [0m] Started Trigger resolvconf update for networkd DNS.
[   10.821489] systemd[1]: Created slice System Slice.
[[0;32m  OK  [0m] Created slice System Slice.
[   10.824324] systemd[1]: Created slice system-serial\x2dgetty.slice.
[[0;32m  OK  [0m] Created slice system-serial\x2dgetty.slice.
[   10.826746] systemd[1]: Set up automount Arbitrary Executable File Formats File System Automount Point.
[[0;32m  OK  [0m] Set up automount Arbitrary Executab...ats File System Automount Point.
[   10.830427] systemd[1]: Listening on Journal Audit Socket.
[[0;32m  OK  [0m] Listening on Journal Audit Socket.
[   10.832502] systemd[1]: Reached target Encrypted Volumes.
[[0;32m  OK  [0m] Reached target Encrypted Volumes.
[   10.834280] systemd[1]: Started Forward Password Requests to Wall Directory Watch.
[[0;32m  OK  [0m] Started Forward Password Requests to Wall Directory Watch.
[   10.837011] systemd[1]: Reached target Slices.
[[0;32m  OK  [0m] Reached target Slices.
[   10.838921] systemd[1]: Listening on LVM2 poll daemon socket.
[[0;32m  OK  [0m] Listening on LVM2 poll daemon socket.
[   10.841152] systemd[1]: Listening on Journal Socket.
[[0;32m  OK  [0m] Listening on Journal Socket.
[   10.854157] systemd[1]: Starting Create list of required static device nodes for the current kernel...
         Starting Create list of required st... nodes for the current kernel...
[   10.898070] systemd[1]: Starting Set console keymap...
         Starting Set console keymap...
[   10.900809] systemd[1]: Starting Nameserver information manager...
         Starting Nameserver information manager...
[   10.903171] systemd[1]: Listening on Journal Socket (/dev/log).
[[0;32m  OK  [0m] Listening on Journal Socket (/dev/log).
[   11.074008] systemd[1]: Starting Load Kernel Modules...
         Starting Load Kernel Modules...
[   11.078643] systemd[1]: Mounting Huge Pages File System...
         Mounting Huge Pages File System...
[   11.081029] systemd[1]: Listening on LVM2 metadata daemon socket.
[[0;32m  OK  [0m] Listening on LVM2 metadata daemon socket.
[   11.083888] systemd[1]: Reached target System Time Synchronized.
[[0;32m  OK  [0m] Reached target System Time Synchronized.
[   11.094009] systemd[1]: Reached target Swap.
[[0;32m  OK  [0m] Reached target Swap.
[   11.096639] systemd[1]: Listening on Syslog Socket.
[[0;32m  OK  [0m] Listening on Syslog Socket.
[   11.098747] systemd[1]: Starting Journal Service...
         Starting Journal Service...
[   11.100524] systemd[1]: Listening on udev Control Socket.
[[0;32m  OK  [0m] Listening on udev Control Socket.
[   11.102774] systemd[1]: Mounting POSIX Message Queue File System...
         Mounting POSIX Message Queue File System...
[   11.104986] systemd[1]: Listening on udev Kernel Socket.
[[0;32m  OK  [0m] Listening on udev Kernel Socket.
[   11.108370] systemd[1]: Starting File System Check on Root Device...
         Starting File System Check on Root Device...
[   11.110999] systemd[1]: Reached target User and Group Name Lookups.
[[0;32m  OK  [0m] Reached target User and Group Name Lookups.
[   11.113664] systemd[1]: Mounting Debug File System...
         Mounting Debug File System...
[   11.116535] systemd[1]: Starting Uncomplicated firewall...
         Starting Uncomplicated firewall...
[   11.119199] systemd[1]: Starting Monitoring of LVM2 mirrors, snapshots etc. using dmeventd or progress polling...
         Starting Monitoring of LVM2 mirrors... dmeventd or progress polling...
[   11.130057] systemd[1]: Listening on /dev/initctl Compatibility Named Pipe.
[[0;32m  OK  [0m] Listening on /dev/initctl Compatibility Named Pipe.
[   11.134651] systemd[1]: Started Create list of required static device nodes for the current kernel.
[[0;32m  OK  [0m] Started Create list of required sta...ce nodes for the current kernel.
[   11.140312] systemd[1]: Starting Create Static Device Nodes in /dev...
         Starting Create Static Device Nodes in /dev...
[   11.188404] systemd[1]: Mounted POSIX Message Queue File System.
[[0;32m  OK  [0m] Mounted POSIX Message Queue File System.
[   11.191057] systemd[1]: Mounted Debug File System.
[[0;32m  OK  [0m] Mounted Debug File System.
[   11.192991] systemd[1]: Mounted Huge Pages File System.
[[0;32m  OK  [0m] Mounted Huge Pages File System.
[   11.211039] systemd[1]: Started Uncomplicated firewall.
[[0;32m  OK  [0m] Started Uncomplicated firewall.
[   11.216028] systemd[1]: Started File System Check Daemon to report status.
[[0;32m  OK  [0m] Started File System Check Daemon to report status.
[   11.270146] systemd[1]: Started Nameserver information manager.
[[0;32m  OK  [0m] Started Nameserver information manager.
[   11.274217] Loading iSCSI transport class v2.0-870.
[   11.354077] systemd[1]: Started Set console keymap.
[[0;32m  OK  [0m] Started Set console keymap.
[   11.367342] iscsi: registered transport (tcp)
[   11.376824] systemd[1]: Started Journal Service.
[[0;32m  OK  [0m] Started Journal Service.
[   11.549941] iscsi: registered transport (iser)
[[0;32m  OK  [0m] Started Load Kernel Modules.
         Mounting FUSE Control File System...
         Starting Apply Kernel Variables...
[[0;32m  OK  [0m] Mounted FUSE Control File System.
[[0;32m  OK  [0m] Started File System Check on Root Device.
         Starting Remount Root and Kernel File Systems...
[[0;32m  OK  [0m] Started Create Static Device Nodes in /dev.
         Starting udev Kernel Device Manager...
[[0;32m  OK  [0m] Started LVM2 metadata daemon.
[   11.732391] EXT4-fs (sda1): re-mounted. Opts: (null)
[[0;32m  OK  [0m] Started Remount Root and Kernel File Systems.
         Starting Flush Journal to Persistent Storage...
         Starting udev Coldplug all Devices...
         Starting Load/Save Random Seed...
[[0;32m  OK  [0m] Started Apply Kernel Variables.
[[0;32m  OK  [0m] Started Flush Journal to Persistent Storage.
[[0;32m  OK  [0m] Started Load/Save Random Seed.
[[0;32m  OK  [0m] Started Monitoring of LVM2 mirrors,...ng dmeventd or progress polling.
[[0;32m  OK  [0m] Reached target Local File Systems (Pre).
[[0;32m  OK  [0m] Reached target Local File Systems.
         Starting Initial cloud-init job (pre-networking)...
         Starting LSB: AppArmor initialization...
         Starting Set console font and keymap...
         Starting Create Volatile Files and Directories...
         Starting Tell Plymouth To Write Out Runtime Data...
[[0;32m  OK  [0m] Started udev Coldplug all Devices.
[[0;32m  OK  [0m] Started udev Kernel Device Manager.
[[0;32m  OK  [0m] Started Dispatch Password Requests to Console Directory Watch.
[[0;32m  OK  [0m] Started Tell Plymouth To Write Out Runtime Data.
[[0;32m  OK  [0m] Started Create Volatile Files and Directories.
         Starting Update UTMP about System Boot/Shutdown...
[[0;32m  OK  [0m] Started Update UTMP about System Boot/Shutdown.
[[0;32m  OK  [0m] Found device /dev/ttyS0.
[[0;32m  OK  [0m] Listening on Load/Save RF Kill Switch Status /dev/rfkill Watch.
[[0;32m  OK  [0m] Found device 82540EM Gigabit Ethern...r (PRO/1000 MT Desktop Adapter).
[[0;32m  OK  [0m] Started Set console font and keymap.
[[0;32m  OK  [0m] Created slice system-getty.slice.
[[0;32m  OK  [0m] Started LSB: AppArmor initialization.
         Starting Load AppArmor profiles managed internally by snapd...
[[0;32m  OK  [0m] Started Load AppArmor profiles managed internally by snapd.
[   17.801232] cloud-init[480]: Cloud-init v. 21.1-19-gbad84ad4-0ubuntu1~16.04.2 running 'init-local' at Thu, 29 Apr 2021 14:46:24 +0000. Up 17.31 seconds.
[[0;32m  OK  [0m] Started Initial cloud-init job (pre-networking).
[[0;32m  OK  [0m] Reached target Network (Pre).
[[0;32m  OK  [0m] Started ifup for enp0s3.
         Starting Raise network interfaces...
[[0;32m  OK  [0m] Started Raise network interfaces.
[[0;32m  OK  [0m] Reached target Network.
         Starting Initial cloud-init job (metadata service crawler)...
[   18.939831] cloud-init[984]: Cloud-init v. 21.1-19-gbad84ad4-0ubuntu1~16.04.2 running 'init' at Thu, 29 Apr 2021 14:46:26 +0000. Up 18.40 seconds.
[   18.943537] cloud-init[984]: ci-info: ++++++++++++++++++++++++++++++++++++++Net device info++++++++++++++++++++++++++++++++++++++
[   18.947143] cloud-init[984]: ci-info: +--------+------+----------------------------+---------------+--------+-------------------+
[   18.950064] cloud-init[984]: ci-info: | Device |  Up  |          Address           |      Mask     | Scope  |     Hw-Address    |
[   18.953647] cloud-init[984]: ci-info: +--------+------+----------------------------+---------------+--------+-------------------+
[   18.957225] cloud-init[984]: ci-info: | enp0s3 | True |         10.0.2.15          | 255.255.255.0 | global | 02:ed:98:3c:8e:82 |
[   18.976440] cloud-init[984]: ci-info: | enp0s3 | True | fe80::ed:98ff:fe3c:8e82/64 |       .       |  link  | 02:ed:98:3c:8e:82 |
[   18.978301] cloud-init[984]: ci-info: |   lo   | True |         127.0.0.1          |   255.0.0.0   |  host  |         .         |
[   18.980593] cloud-init[984]: ci-info: |   lo   | True |          ::1/128           |       .       |  host  |         .         |
[   18.982350] cloud-init[984]: ci-info: +--------+------+----------------------------+---------------+--------+-------------------+
[   18.984555] cloud-init[984]: ci-info: +++++++++++++++++++++++++++Route IPv4 info++++++++++++++++++++++++++++
[   18.986588] cloud-init[984]: ci-info: +-------+-------------+----------+---------------+-----------+-------+
[   18.988219] cloud-init[984]: ci-info: | Route | Destination | Gateway  |    Genmask    | Interface | Flags |
[   18.990131] cloud-init[984]: ci-info: +-------+-------------+----------+---------------+-----------+-------+
[   18.991927] cloud-init[984]: ci-info: |   0   |   0.0.0.0   | 10.0.2.2 |    0.0.0.0    |   enp0s3  |   UG  |[[0;32m  OK  [0m] Started Initial cloud-init job (metadata service crawler).
[[0;32m  OK  [0m] Reached target Cloud-config availability.
[[0;32m  OK  [0m] Reached target Network is Online.

[   18.995782] cloud-init[984]: ci-info: |   1   |   10.0.2.0  | 0.0.0.0  | 255.255.255.0 |   enp0s3  |   U   |
[   18.997004] cloud-init[984]: ci-info: +-------+-------------+----------+---------------+-----------+-------+
[   18.998193] cloud-init[984]: ci-info: +++++++++++++++++++Route IPv6 info+++++++++++++++++++
[   18.999240] cloud-init[984]: ci-info: +-------+-------------+---------+-----------+-------+
[   19.000353] cloud-init[984]: ci-info: | Route | Destination | Gateway | Interface | Flags |
[   19.001444] cloud-init[984]: ci-info: +-------+-------------+---------+-----------+-------+
[   19.002463] cloud-init[984]: ci-info: |   0   |  fe80::/64  |    ::   |   enp0s3  |   U   |
[   19.003458] cloud-init[984]: ci-info: |   3   |   ff00::/8  |    ::   |   enp0s3  |   U   |         Starting iSCSI initiator daemon (iscsid)...
[[0;32m  OK  [0m] Reached target System Initialization.
[[0;32m  OK  [0m] Listening on UUID daemon activation socket.
         Starting LXD - unix socket.
[[0;32m  OK  [0m] Listening on D-Bus System Message Bus Socket.
[[0;32m  OK  [0m] Started Daily Cleanup of Temporary Directories.

[   19.008074] cloud-init[984]: ci-info: +-------+-------------+---------+-----------+-------+
[[0;32m  OK  [0m] Started ACPI Events Check.
[[0;32m  OK  [0m] Reached target Paths.
         Starting Socket activation for snappy daemon.
[[0;32m  OK  [0m] Started Daily apt download activities.
[[0;32m  OK  [0m] Started Daily apt upgrade and clean activities.
[[0;32m  OK  [0m] Listening on ACPID Listen Socket.
[[0;32m  OK  [0m] Started Message of the Day.
[[0;32m  OK  [0m] Reached target Timers.
[[0;32m  OK  [0m] Listening on LXD - unix socket.
[[0;32m  OK  [0m] Listening on Socket activation for snappy daemon.
[[0;32m  OK  [0m] Reached target Sockets.
[[0;32m  OK  [0m] Reached target Basic System.
[[0;32m  OK  [0m] Started Regular background program processing daemon.
         Starting /etc/rc.local Compatibility...
         Starting LSB: Record successful boot for GRUB...
         Starting LXD - container startup/shutdown...
         Starting LSB: MD monitoring daemon...
         Starting System Logging Service...
[[0;32m  OK  [0m] Started D-Bus System Message Bus.
         Starting Virtualbox guest utils...
         Starting Login Service...
[[0;32m  OK  [0m] Started ACPI event daemon.
[[0;32m  OK  [0m] Started Deferred execution scheduler.
         Starting Accounts Service...
         Starting Snap Daemon...
         Starting OpenBSD Secure Shell server...
[[0;32m  OK  [0m] Started FUSE filesystem for LXC.
[[0;32m  OK  [0m] Started System Logging Service.
[[0;32m  OK  [0m] Started iSCSI initiator daemon (iscsid).
[[0;32m  OK  [0m] Started /etc/rc.local Compatibility.
         Starting Login to default iSCSI targets...
[[0;32m  OK  [0m] Started Login Service.
[[0;32m  OK  [0m] Started Unattended Upgrades Shutdown.
[[0;32m  OK  [0m] Started LSB: MD monitoring daemon.
[[0;32m  OK  [0m] Started Login to default iSCSI targets.
[[0;32m  OK  [0m] Reached target Remote File Systems (Pre).
[[0;32m  OK  [0m] Reached target Remote File Systems.
         Starting LSB: Set the CPU Frequency Scaling governor to "ondemand"...
         Starting LSB: automatic crash report generation...
         Starting LSB: daemon to balance interrupts for SMP systems...
         Starting Permit User Sessions...
[[0;32m  OK  [0m] Started LSB: Record successful boot for GRUB.
[[0;32m  OK  [0m] Started LSB: Set the CPU Frequency Scaling governor to "ondemand".
[[0;32m  OK  [0m] Started Permit User Sessions.
         Starting Hold until boot process finishes up...
         Starting Terminate Plymouth Boot Screen...
[[0;32m  OK  [0m] Started Hold until boot process finishes up.
[[0;32m  OK  [0m] Started Getty on tty1.
[[0;32m  OK  [0m] Started Serial Getty on ttyS0.
[[0;32m  OK  [0m] Reached target Login Prompts.
         Starting Set console scheme...
[[0;32m  OK  [0m] Started Terminate Plymouth Boot Screen.
[[0;32m  OK  [0m] Started LSB: automatic crash report generation.
[[0;32m  OK  [0m] Started Set console scheme.
[[0;32m  OK  [0m] Started LSB: daemon to balance interrupts for SMP systems.
[[0;32m  OK  [0m] Started OpenBSD Secure Shell server.
[[0;32m  OK  [0m] Started Virtualbox guest utils.
         Starting Authenticate and Authorize Users to Run Privileged Tasks...
[[0;32m  OK  [0m] Started Authenticate and Authorize Users to Run Privileged Tasks.
[[0;32m  OK  [0m] Started Accounts Service.
[[0;32m  OK  [0m] Started LXD - container startup/shutdown.
[[0;32m  OK  [0m] Started Snap Daemon.
         Starting Wait until snapd is fully seeded...
[[0;32m  OK  [0m] Started Wait until snapd is fully seeded.
[[0;32m  OK  [0m] Reached target Multi-User System.
[[0;32m  OK  [0m] Reached target Graphical Interface.
         Starting Update UTMP about System Runlevel Changes...
         Starting Apply the settings specified in cloud-config...
[[0;32m  OK  [0m] Started Update UTMP about System Runlevel Changes.
[   23.666001] cloud-init[1238]: Cloud-init v. 21.1-19-gbad84ad4-0ubuntu1~16.04.2 running 'modules:config' at Thu, 29 Apr 2021 14:46:30 +0000. Up 23.25 seconds.
[[0;32m  OK  [0m] Started Apply the settings specified in cloud-config.
         Starting Execute cloud user/final scripts...
[   24.319192] cloud-init[1248]: Cloud-init v. 21.1-19-gbad84ad4-0ubuntu1~16.04.2 running 'modules:final' at Thu, 29 Apr 2021 14:46:31 +0000. Up 23.97 seconds.
[   24.321380] cloud-init[1248]: Cloud-init v. 21.1-19-gbad84ad4-0ubuntu1~16.04.2 finished at Thu, 29 Apr 2021 14:46:31 +0000. Datasource DataSourceNoCloud [seed=/dev/sdb][dsmode=net].  Up 24.31 seconds
[[0;32m  OK  [0m] Started Execute cloud user/final scripts.
[[0;32m  OK  [0m] Reached target Cloud-init target.

Ubuntu 16.04.7 LTS ubuntu-xenial ttyS0

ubuntu-xenial login: 